
> @open-rpc/inspector@0.0.0-development build:package /Users/zcstarr/src/open-rpc/tools/packages/inspector
> tsc --project tsconfig.json

[96msrc/containers/Inspector.tsx[0m:[93m41[0m:[93m43[0m - [91merror[0m[90m TS2307: [0mCannot find module '@open-rpc/logs-react' or its corresponding type declarations.

[7m41[0m import JSONRPCLogger, { JSONRPCLog } from "@open-rpc/logs-react";
[7m  [0m [91m                                          ~~~~~~~~~~~~~~~~~~~~~~[0m

[96msrc/hooks/useTabs.ts[0m:[93m3[0m:[93m28[0m - [91merror[0m[90m TS2307: [0mCannot find module '@open-rpc/logs-react' or its corresponding type declarations.

[7m3[0m import { JSONRPCLog } from "@open-rpc/logs-react";
[7m [0m [91m                           ~~~~~~~~~~~~~~~~~~~~~~[0m


Found 2 errors in 2 files.

Errors  Files
     1  src/containers/Inspector.tsx[90m:41[0m
     1  src/hooks/useTabs.ts[90m:3[0m
[37;40mnpm[0m [0m[31;40mERR![0m [0m[35mcode[0m ELIFECYCLE
[0m[37;40mnpm[0m [0m[31;40mERR![0m [0m[35merrno[0m 2
[0m[37;40mnpm[0m [0m[31;40mERR![0m[35m[0m @open-rpc/inspector@0.0.0-development build:package: `tsc --project tsconfig.json`
[0m[37;40mnpm[0m [0m[31;40mERR![0m[35m[0m Exit status 2
[0m[37;40mnpm[0m [0m[31;40mERR![0m[35m[0m 
[0m[37;40mnpm[0m [0m[31;40mERR![0m[35m[0m Failed at the @open-rpc/inspector@0.0.0-development build:package script.
[0m[37;40mnpm[0m [0m[31;40mERR![0m[35m[0m This is probably not a problem with npm. There is likely additional logging output above.
[0m[37;40mnpm[0m [0m[30;43mWARN[0m[35m[0m Local package.json exists, but node_modules missing, did you mean to install?
[0m
[37;40mnpm[0m [0m[31;40mERR![0m[35m[0m A complete log of this run can be found in:
[0m[37;40mnpm[0m [0m[31;40mERR![0m[35m[0m     /Users/zcstarr/.npm/_logs/2024-12-05T04_11_45_527Z-debug.log
[0m
